# Logfile created on 2015-07-04 01:47:46 +0900 by logger.rb/36483
D, [2015-07-04T01:47:46.672964 #13822] DEBUG -- : Accessing http://byoinnavi.jp
D, [2015-07-04T01:48:28.383505 #13900] DEBUG -- : Accessing http://byoinnavi.jp
D, [2015-07-04T01:52:21.982729 #14106] DEBUG -- : Accessing http://byoinnavi.jp
D, [2015-07-04T01:53:46.589784 #14256] DEBUG -- : Accessing http://byoinnavi.jp
D, [2015-07-04T01:54:37.490028 #14362] DEBUG -- : Accessing http://byoinnavi.jp
D, [2015-07-04T01:56:11.094567 #14444] DEBUG -- : Accessing http://byoinnavi.jp
D, [2015-09-05T16:07:02.674063 #1665] DEBUG -- : Accessing http://byoinnavi.jp
D, [2015-09-05T16:07:10.836930 #1665] DEBUG -- : Accessing http://byoinnavi.jp/hokkaido
D, [2015-09-05T16:07:32.624008 #1665] DEBUG -- : Accessing http://byoinnavi.jp/aomori
D, [2015-09-05T16:07:42.316611 #1665] DEBUG -- : Accessing http://byoinnavi.jp/iwate
D, [2015-09-05T16:08:00.985989 #1665] DEBUG -- : Accessing http://byoinnavi.jp/miyagi
D, [2015-09-05T16:08:13.484830 #1665] DEBUG -- : Accessing http://byoinnavi.jp/akita
D, [2015-09-05T16:08:37.117246 #1665] DEBUG -- : Accessing http://byoinnavi.jp/yamagata
D, [2015-09-05T16:08:56.520261 #1665] DEBUG -- : Accessing http://byoinnavi.jp/fukushima
D, [2015-09-05T16:09:12.465104 #1665] DEBUG -- : Accessing http://byoinnavi.jp/ibaraki
D, [2015-09-05T16:09:21.909918 #1665] DEBUG -- : Accessing http://byoinnavi.jp/tochigi
D, [2015-09-05T16:09:31.118342 #1665] DEBUG -- : Accessing http://byoinnavi.jp/gunma
D, [2015-09-05T16:09:40.373721 #1665] DEBUG -- : Accessing http://byoinnavi.jp/saitama
D, [2015-09-05T16:09:56.092192 #1665] DEBUG -- : Accessing http://byoinnavi.jp/chiba
D, [2015-09-05T16:10:20.343024 #1665] DEBUG -- : Accessing http://byoinnavi.jp/tokyo
D, [2015-09-05T16:10:40.324191 #1665] DEBUG -- : Accessing http://byoinnavi.jp/kanagawa
D, [2015-09-05T16:10:53.930652 #1665] DEBUG -- : Accessing http://byoinnavi.jp/niigata
D, [2015-09-05T16:11:08.981737 #1665] DEBUG -- : Accessing http://byoinnavi.jp/toyama
D, [2015-09-05T16:11:24.808439 #1665] DEBUG -- : Accessing http://byoinnavi.jp/ishikawa
D, [2015-09-05T16:11:39.060555 #1665] DEBUG -- : Accessing http://byoinnavi.jp/fukui
D, [2015-09-05T16:11:58.668613 #1665] DEBUG -- : Accessing http://byoinnavi.jp/yamanashi
D, [2015-09-05T16:12:15.917388 #1665] DEBUG -- : Accessing http://byoinnavi.jp/nagano
D, [2015-09-05T16:12:33.797564 #1665] DEBUG -- : Accessing http://byoinnavi.jp/gifu
D, [2015-09-05T16:12:58.880073 #1665] DEBUG -- : Accessing http://byoinnavi.jp/shizuoka
D, [2015-09-05T16:13:22.081095 #1665] DEBUG -- : Accessing http://byoinnavi.jp/aichi
D, [2015-09-05T16:13:29.777774 #1665] DEBUG -- : Accessing http://byoinnavi.jp/mie
D, [2015-09-05T16:13:38.449717 #1665] DEBUG -- : Accessing http://byoinnavi.jp/shiga
D, [2015-09-05T16:13:52.163263 #1665] DEBUG -- : Accessing http://byoinnavi.jp/kyoto
D, [2015-09-05T16:14:14.294207 #1665] DEBUG -- : Accessing http://byoinnavi.jp/osaka
D, [2015-09-05T16:14:32.563643 #1665] DEBUG -- : Accessing http://byoinnavi.jp/hyogo
D, [2015-09-05T16:14:46.612694 #1665] DEBUG -- : Accessing http://byoinnavi.jp/nara
D, [2015-09-05T16:15:07.749386 #1665] DEBUG -- : Accessing http://byoinnavi.jp/wakayama
D, [2015-09-05T16:15:26.614079 #1665] DEBUG -- : Accessing http://byoinnavi.jp/tottori
D, [2015-09-05T16:15:53.410803 #1665] DEBUG -- : Accessing http://byoinnavi.jp/shimane
D, [2015-09-05T16:16:17.100869 #1665] DEBUG -- : Accessing http://byoinnavi.jp/okayama
D, [2015-09-05T16:16:24.931567 #1665] DEBUG -- : Accessing http://byoinnavi.jp/hiroshima
D, [2015-09-05T16:16:47.331877 #1665] DEBUG -- : Accessing http://byoinnavi.jp/yamaguchi
D, [2015-09-05T16:16:55.900507 #1665] DEBUG -- : Accessing http://byoinnavi.jp/tokushima
D, [2015-09-05T16:17:03.148335 #1665] DEBUG -- : Accessing http://byoinnavi.jp/kagawa
D, [2015-09-05T16:17:19.563456 #1665] DEBUG -- : Accessing http://byoinnavi.jp/ehime
D, [2015-09-05T16:17:43.137314 #1665] DEBUG -- : Accessing http://byoinnavi.jp/kochi
D, [2015-09-05T16:18:08.940269 #1665] DEBUG -- : Accessing http://byoinnavi.jp/fukuoka
D, [2015-09-05T16:18:33.056932 #1665] DEBUG -- : Accessing http://byoinnavi.jp/saga
D, [2015-09-05T16:18:52.197815 #1665] DEBUG -- : Accessing http://byoinnavi.jp/nagasaki
D, [2015-09-05T16:19:03.929499 #1665] DEBUG -- : Accessing http://byoinnavi.jp/kumamoto
D, [2015-09-05T16:19:12.545739 #1665] DEBUG -- : Accessing http://byoinnavi.jp/oita
D, [2015-09-05T16:19:37.392520 #1665] DEBUG -- : Accessing http://byoinnavi.jp/miyazaki
D, [2015-09-05T16:19:48.125488 #1665] DEBUG -- : Accessing http://byoinnavi.jp/kagoshima
D, [2015-09-05T16:20:07.115424 #1665] DEBUG -- : Accessing http://byoinnavi.jp/okinawa
