# Logfile created on 2015-07-04 02:00:34 +0900 by logger.rb/36483
D, [2015-07-04T02:00:34.458450 #14566] DEBUG -- : Accessing http://byoinnavi.jp/hokkaido
D, [2015-07-04T02:01:58.737760 #14659] DEBUG -- : Accessing http://byoinnavi.jp/hokkaido
D, [2015-07-04T02:04:56.659605 #14811] DEBUG -- : Accessing http://byoinnavi.jp/hokkaido
D, [2015-07-04T02:08:10.017050 #14977] DEBUG -- : Accessing http://byoinnavi.jp/hokkaido
D, [2015-07-04T02:09:14.812914 #15104] DEBUG -- : Accessing http://byoinnavi.jp/hokkaido
D, [2015-07-04T02:09:21.227322 #15104] DEBUG -- : Accessing http://byoinnavi.jp/aomori
D, [2015-07-04T02:09:26.722437 #15104] DEBUG -- : Accessing http://byoinnavi.jp/iwate
D, [2015-07-04T02:10:05.861709 #15177] DEBUG -- : Accessing http://byoinnavi.jp/hokkaido
D, [2015-07-04T02:10:11.694151 #15177] DEBUG -- : Accessing http://byoinnavi.jp/aomori
D, [2015-07-04T02:10:16.553665 #15177] DEBUG -- : Accessing http://byoinnavi.jp/iwate
D, [2015-07-04T02:10:21.700298 #15177] DEBUG -- : Accessing http://byoinnavi.jp/miyagi
D, [2015-07-04T02:10:27.628822 #15177] DEBUG -- : Accessing http://byoinnavi.jp/akita
D, [2015-07-04T02:10:33.218193 #15177] DEBUG -- : Accessing http://byoinnavi.jp/yamagata
D, [2015-07-04T02:10:40.581358 #15177] DEBUG -- : Accessing http://byoinnavi.jp/fukushima
D, [2015-07-04T02:10:47.775477 #15177] DEBUG -- : Accessing http://byoinnavi.jp/ibaraki
D, [2015-07-04T02:10:54.033490 #15177] DEBUG -- : Accessing http://byoinnavi.jp/tochigi
D, [2015-07-04T02:10:59.669955 #15177] DEBUG -- : Accessing http://byoinnavi.jp/gunma
D, [2015-07-04T02:11:06.225148 #15177] DEBUG -- : Accessing http://byoinnavi.jp/saitama
D, [2015-07-04T02:11:13.297086 #15177] DEBUG -- : Accessing http://byoinnavi.jp/chiba
D, [2015-07-04T02:11:23.537236 #15177] DEBUG -- : Accessing http://byoinnavi.jp/tokyo
D, [2015-07-04T02:11:29.578083 #15177] DEBUG -- : Accessing http://byoinnavi.jp/kanagawa
D, [2015-07-04T02:11:36.429936 #15177] DEBUG -- : Accessing http://byoinnavi.jp/niigata
D, [2015-07-04T02:11:41.362257 #15177] DEBUG -- : Accessing http://byoinnavi.jp/toyama
D, [2015-07-04T02:11:47.666288 #15177] DEBUG -- : Accessing http://byoinnavi.jp/ishikawa
D, [2015-07-04T02:11:54.450492 #15177] DEBUG -- : Accessing http://byoinnavi.jp/fukui
D, [2015-07-04T02:12:01.010039 #15177] DEBUG -- : Accessing http://byoinnavi.jp/yamanashi
D, [2015-07-04T02:12:07.239084 #15177] DEBUG -- : Accessing http://byoinnavi.jp/nagano
D, [2015-07-04T02:12:13.260286 #15177] DEBUG -- : Accessing http://byoinnavi.jp/gifu
D, [2015-07-04T02:12:18.839177 #15177] DEBUG -- : Accessing http://byoinnavi.jp/shizuoka
D, [2015-07-04T02:12:26.361993 #15177] DEBUG -- : Accessing http://byoinnavi.jp/aichi
D, [2015-07-04T02:12:32.217665 #15177] DEBUG -- : Accessing http://byoinnavi.jp/mie
D, [2015-07-04T02:12:41.656203 #15177] DEBUG -- : Accessing http://byoinnavi.jp/shiga
D, [2015-07-04T02:12:47.631825 #15177] DEBUG -- : Accessing http://byoinnavi.jp/kyoto
D, [2015-07-04T02:12:54.554734 #15177] DEBUG -- : Accessing http://byoinnavi.jp/osaka
D, [2015-07-04T02:13:01.329732 #15177] DEBUG -- : Accessing http://byoinnavi.jp/hyogo
D, [2015-07-04T02:13:08.759837 #15177] DEBUG -- : Accessing http://byoinnavi.jp/nara
D, [2015-07-04T02:13:18.327591 #15177] DEBUG -- : Accessing http://byoinnavi.jp/wakayama
D, [2015-07-04T02:13:29.379496 #15177] DEBUG -- : Accessing http://byoinnavi.jp/tottori
D, [2015-07-04T02:13:37.304196 #15177] DEBUG -- : Accessing http://byoinnavi.jp/shimane
D, [2015-07-04T02:13:45.639261 #15177] DEBUG -- : Accessing http://byoinnavi.jp/okayama
D, [2015-07-04T02:13:53.077014 #15177] DEBUG -- : Accessing http://byoinnavi.jp/hiroshima
D, [2015-07-04T02:13:59.928667 #15177] DEBUG -- : Accessing http://byoinnavi.jp/yamaguchi
D, [2015-07-04T02:14:05.260646 #15177] DEBUG -- : Accessing http://byoinnavi.jp/tokushima
D, [2015-07-04T02:14:12.787378 #15177] DEBUG -- : Accessing http://byoinnavi.jp/kagawa
D, [2015-07-04T02:14:18.445994 #15177] DEBUG -- : Accessing http://byoinnavi.jp/ehime
D, [2015-07-04T02:14:25.811863 #15177] DEBUG -- : Accessing http://byoinnavi.jp/kochi
D, [2015-07-04T02:14:34.379336 #15177] DEBUG -- : Accessing http://byoinnavi.jp/fukuoka
D, [2015-07-04T02:14:39.776916 #15177] DEBUG -- : Accessing http://byoinnavi.jp/saga
D, [2015-07-04T02:14:47.472408 #15177] DEBUG -- : Accessing http://byoinnavi.jp/nagasaki
D, [2015-07-04T02:14:54.926164 #15177] DEBUG -- : Accessing http://byoinnavi.jp/kumamoto
D, [2015-07-04T02:15:00.243651 #15177] DEBUG -- : Accessing http://byoinnavi.jp/oita
D, [2015-07-04T02:15:06.850924 #15177] DEBUG -- : Accessing http://byoinnavi.jp/miyazaki
D, [2015-07-04T02:15:12.358085 #15177] DEBUG -- : Accessing http://byoinnavi.jp/kagoshima
D, [2015-07-04T02:15:18.658064 #15177] DEBUG -- : Accessing http://byoinnavi.jp/okinawa
